#
# A fatal error has been detected by the Java Runtime Environment:
#
#  EXCEPTION_IN_PAGE_ERROR (0xc0000006) at pc=0x00007ff9e49b132c, pid=10624, tid=6372
#
# JRE version: OpenJDK Runtime Environment Temurin-17.0.3+7 (17.0.3+7) (build 17.0.3+7)
# Java VM: OpenJDK 64-Bit Server VM Temurin-17.0.3+7 (17.0.3+7, mixed mode, emulated-client, tiered, compressed oops, compressed class ptrs, g1 gc, windows-amd64)
# Problematic frame:
# C  [jimage.dll+0x132c]
#
# No core dump will be written. Minidumps are not enabled by default on client versions of Windows
#
# If you would like to submit a bug report, please visit:
#   https://github.com/adoptium/adoptium-support/issues
#

---------------  S U M M A R Y ------------

Command Line: -Dcom.sun.management.jmxremote -Dcom.sun.management.jmxremote.port=51088 -Dcom.sun.management.jmxremote.authenticate=false -Dcom.sun.management.jmxremote.ssl=false -Djava.rmi.server.hostname=localhost -Dspring.jmx.enabled=true -Dspring.application.admin.enabled=true -XX:TieredStopAtLevel=1 -Dspring.boot.project.name=tasKAppDB -Dfile.encoding=UTF-8 -XX:+ShowCodeDetailsInExceptionMessages com.example.tasKAppDB.TasKAppDbApplication --spring.output.ansi.enabled=always

Host: Intel(R) Core(TM) i7-4600U CPU @ 2.10GHz, 4 cores, 7G,  Windows 10 , 64 bit Build 15063 (10.0.15063.0)
Time: Mon Jul 25 20:47:58 2022 India Standard Time elapsed time: 13.856236 seconds (0d 0h 0m 13s)

---------------  T H R E A D  ---------------

Current thread (0x000001ff3f2ed840):  JavaThread "main" [_thread_in_vm, id=6372, stack(0x000000d08ac00000,0x000000d08ad00000)]

Stack: [0x000000d08ac00000,0x000000d08ad00000],  sp=0x000000d08acfb370,  free space=1004k
Native frames: (J=compiled Java code, j=interpreted, Vv=VM code, C=native code)
C  [jimage.dll+0x132c]
C  [jimage.dll+0x1e97]
C  [jimage.dll+0x1f2e]
C  [jimage.dll+0x2666]
V  [jvm.dll+0x1f211d]
V  [jvm.dll+0x1f0d42]
V  [jvm.dll+0x7aae5b]
V  [jvm.dll+0x7ac202]
V  [jvm.dll+0x7ac538]
V  [jvm.dll+0x23d79e]
V  [jvm.dll+0x37ed5e]
C  0x000001ff429a9a6e

Java frames: (J=compiled Java code, j=interpreted, Vv=VM code)
j  sun.security.ssl.CertStatusExtension.<clinit>()V+20 java.base@17.0.3
v  ~StubRoutines::call_stub
j  sun.security.ssl.SSLExtension.<clinit>()V+296 java.base@17.0.3
v  ~StubRoutines::call_stub
j  sun.security.ssl.SSLConfiguration.getEnabledExtensions(Lsun/security/ssl/SSLHandshake;Ljava/util/List;)[Lsun/security/ssl/SSLExtension;+8 java.base@17.0.3
j  sun.security.ssl.ClientHello$ClientHelloKickstartProducer.produce(Lsun/security/ssl/ConnectionContext;)[B+942 java.base@17.0.3
j  sun.security.ssl.SSLHandshake.kickstart(Lsun/security/ssl/HandshakeContext;)V+47 java.base@17.0.3
j  sun.security.ssl.ClientHandshakeContext.kickstart()V+9 java.base@17.0.3
j  sun.security.ssl.TransportContext.kickstart()V+186 java.base@17.0.3
j  sun.security.ssl.SSLSocketImpl.startHandshake(Z)V+108 java.base@17.0.3
j  sun.security.ssl.SSLSocketImpl.startHandshake()V+2 java.base@17.0.3
j  com.mysql.cj.protocol.ExportControlled.performTlsHandshake(Ljava/net/Socket;Lcom/mysql/cj/protocol/SocketConnection;Lcom/mysql/cj/ServerVersion;Lcom/mysql/cj/log/Log;)Ljava/net/Socket;+235
j  com.mysql.cj.protocol.StandardSocketFactory.performTlsHandshake(Lcom/mysql/cj/protocol/SocketConnection;Lcom/mysql/cj/protocol/ServerSession;Lcom/mysql/cj/log/Log;)Ljava/io/Closeable;+21
j  com.mysql.cj.protocol.a.NativeSocketConnection.performTlsHandshake(Lcom/mysql/cj/protocol/ServerSession;Lcom/mysql/cj/log/Log;)V+8
j  com.mysql.cj.protocol.a.NativeProtocol.negotiateSSLConnection()V+116
j  com.mysql.cj.protocol.a.NativeAuthenticationProvider.connect(Ljava/lang/String;Ljava/lang/String;Ljava/lang/String;)V+765
j  com.mysql.cj.protocol.a.NativeProtocol.connect(Ljava/lang/String;Ljava/lang/String;Ljava/lang/String;)V+11
j  com.mysql.cj.NativeSession.connect(Lcom/mysql/cj/conf/HostInfo;Ljava/lang/String;Ljava/lang/String;Ljava/lang/String;ILcom/mysql/cj/TransactionEventHandler;)V+110
j  com.mysql.cj.jdbc.ConnectionImpl.connectOneTryOnly(Z)V+32
j  com.mysql.cj.jdbc.ConnectionImpl.createNewIO(Z)V+27
j  com.mysql.cj.jdbc.ConnectionImpl.<init>(Lcom/mysql/cj/conf/HostInfo;)V+753
j  com.mysql.cj.jdbc.ConnectionImpl.getInstance(Lcom/mysql/cj/conf/HostInfo;)Lcom/mysql/cj/jdbc/JdbcConnection;+5
j  com.mysql.cj.jdbc.NonRegisteringDriver.connect(Ljava/lang/String;Ljava/util/Properties;)Ljava/sql/Connection;+72
j  com.zaxxer.hikari.util.DriverDataSource.getConnection(Ljava/lang/String;Ljava/lang/String;)Ljava/sql/Connection;+61
j  com.zaxxer.hikari.pool.PoolBase.newConnection()Ljava/sql/Connection;+49
j  com.zaxxer.hikari.pool.PoolBase.newPoolEntry()Lcom/zaxxer/hikari/pool/PoolEntry;+5
j  com.zaxxer.hikari.pool.HikariPool.createPoolEntry()Lcom/zaxxer/hikari/pool/PoolEntry;+1
j  com.zaxxer.hikari.pool.HikariPool.checkFailFast()V+20
j  com.zaxxer.hikari.pool.HikariPool.<init>(Lcom/zaxxer/hikari/HikariConfig;)V+128
j  com.zaxxer.hikari.HikariDataSource.getConnection()Ljava/sql/Connection;+100
j  org.hibernate.engine.jdbc.connections.internal.DatasourceConnectionProviderImpl.getConnection()Ljava/sql/Connection;+48
j  org.hibernate.engine.jdbc.env.internal.JdbcEnvironmentInitiator$ConnectionProviderJdbcConnectionAccess.obtainConnection()Ljava/sql/Connection;+4
j  org.hibernate.engine.jdbc.env.internal.JdbcEnvironmentInitiator.initiateService(Ljava/util/Map;Lorg/hibernate/service/spi/ServiceRegistryImplementor;)Lorg/hibernate/engine/jdbc/env/spi/JdbcEnvironment;+36
j  org.hibernate.engine.jdbc.env.internal.JdbcEnvironmentInitiator.initiateService(Ljava/util/Map;Lorg/hibernate/service/spi/ServiceRegistryImplementor;)Lorg/hibernate/service/Service;+3
j  org.hibernate.boot.registry.internal.StandardServiceRegistryImpl.initiateService(Lorg/hibernate/service/spi/ServiceInitiator;)Lorg/hibernate/service/Service;+9
j  org.hibernate.service.internal.AbstractServiceRegistryImpl.createService(Lorg/hibernate/service/spi/ServiceBinding;)Lorg/hibernate/service/Service;+26
j  org.hibernate.service.internal.AbstractServiceRegistryImpl.initializeService(Lorg/hibernate/service/spi/ServiceBinding;)Lorg/hibernate/service/Service;+30
j  org.hibernate.service.internal.AbstractServiceRegistryImpl.getService(Ljava/lang/Class;)Lorg/hibernate/service/Service;+88
j  org.hibernate.id.factory.internal.DefaultIdentifierGeneratorFactory.injectServices(Lorg/hibernate/service/spi/ServiceRegistryImplementor;)V+9
j  org.hibernate.service.internal.AbstractServiceRegistryImpl.injectDependencies(Lorg/hibernate/service/spi/ServiceBinding;)V+24
j  org.hibernate.service.internal.AbstractServiceRegistryImpl.initializeService(Lorg/hibernate/service/spi/ServiceBinding;)Lorg/hibernate/service/Service;+45
j  org.hibernate.service.internal.AbstractServiceRegistryImpl.getService(Ljava/lang/Class;)Lorg/hibernate/service/Service;+88
j  org.hibernate.boot.internal.InFlightMetadataCollectorImpl.<init>(Lorg/hibernate/boot/spi/BootstrapContext;Lorg/hibernate/boot/spi/MetadataBuildingOptions;)V+277
j  org.hibernate.boot.model.process.spi.MetadataBuildingProcess.complete(Lorg/hibernate/boot/model/process/spi/ManagedResources;Lorg/hibernate/boot/spi/BootstrapContext;Lorg/hibernate/boot/spi/MetadataBuildingOptions;)Lorg/hibernate/boot/spi/MetadataImplementor;+6
j  org.hibernate.jpa.boot.internal.EntityManagerFactoryBuilderImpl.metadata()Lorg/hibernate/boot/spi/MetadataImplementor;+30
j  org.hibernate.jpa.boot.internal.EntityManagerFactoryBuilderImpl.build()Ljavax/persistence/EntityManagerFactory;+3
j  org.springframework.orm.jpa.vendor.SpringHibernateJpaPersistenceProvider.createContainerEntityManagerFactory(Ljavax/persistence/spi/PersistenceUnitInfo;Ljava/util/Map;)Ljavax/persistence/EntityManagerFactory;+55
j  org.springframework.orm.jpa.LocalContainerEntityManagerFactoryBean.createNativeEntityManagerFactory()Ljavax/persistence/EntityManagerFactory;+129
j  org.springframework.orm.jpa.AbstractEntityManagerFactoryBean.buildNativeEntityManagerFactory()Ljavax/persistence/EntityManagerFactory;+1
j  org.springframework.orm.jpa.AbstractEntityManagerFactoryBean.afterPropertiesSet()V+192
j  org.springframework.orm.jpa.LocalContainerEntityManagerFactoryBean.afterPropertiesSet()V+77
j  org.springframework.beans.factory.support.AbstractAutowireCapableBeanFactory.invokeInitMethods(Ljava/lang/String;Ljava/lang/Object;Lorg/springframework/beans/factory/support/RootBeanDefinition;)V+106
j  org.springframework.beans.factory.support.AbstractAutowireCapableBeanFactory.initializeBean(Ljava/lang/String;Ljava/lang/Object;Lorg/springframework/beans/factory/support/RootBeanDefinition;)Ljava/lang/Object;+59
j  org.springframework.beans.factory.support.AbstractAutowireCapableBeanFactory.doCreateBean(Ljava/lang/String;Lorg/springframework/beans/factory/support/RootBeanDefinition;[Ljava/lang/Object;)Ljava/lang/Object;+245
j  org.springframework.beans.factory.support.AbstractAutowireCapableBeanFactory.createBean(Ljava/lang/String;Lorg/springframework/beans/factory/support/RootBeanDefinition;[Ljava/lang/Object;)Ljava/lang/Object;+169
j  org.springframework.beans.factory.support.AbstractBeanFactory.lambda$doGetBean$0(Ljava/lang/String;Lorg/springframework/beans/factory/support/RootBeanDefinition;[Ljava/lang/Object;)Ljava/lang/Object;+4
j  org.springframework.beans.factory.support.AbstractBeanFactory$$Lambda$322+0x00000001002c9178.getObject()Ljava/lang/Object;+16
j  org.springframework.beans.factory.support.DefaultSingletonBeanRegistry.getSingleton(Ljava/lang/String;Lorg/springframework/beans/factory/ObjectFactory;)Ljava/lang/Object;+132
J 2948 c1 org.springframework.beans.factory.support.AbstractBeanFactory.doGetBean(Ljava/lang/String;Ljava/lang/Class;[Ljava/lang/Object;Z)Ljava/lang/Object; (832 bytes) @ 0x000001ff42f9d1b4 [0x000001ff42f9cc00+0x00000000000005b4]
j  org.springframework.beans.factory.support.AbstractBeanFactory.getBean(Ljava/lang/String;)Ljava/lang/Object;+5
j  org.springframework.context.support.AbstractApplicationContext.getBean(Ljava/lang/String;)Ljava/lang/Object;+9
j  org.springframework.context.support.AbstractApplicationContext.finishBeanFactoryInitialization(Lorg/springframework/beans/factory/config/ConfigurableListableBeanFactory;)V+100
j  org.springframework.context.support.AbstractApplicationContext.refresh()V+86
j  org.springframework.boot.web.servlet.context.ServletWebServerApplicationContext.refresh()V+1
j  org.springframework.boot.SpringApplication.refresh(Lorg/springframework/context/ConfigurableApplicationContext;)V+1
j  org.springframework.boot.SpringApplication.refreshContext(Lorg/springframework/context/ConfigurableApplicationContext;)V+16
j  org.springframework.boot.SpringApplication.run([Ljava/lang/String;)Lorg/springframework/context/ConfigurableApplicationContext;+107
j  org.springframework.boot.SpringApplication.run([Ljava/lang/Class;[Ljava/lang/String;)Lorg/springframework/context/ConfigurableApplicationContext;+9
j  org.springframework.boot.SpringApplication.run(Ljava/lang/Class;[Ljava/lang/String;)Lorg/springframework/context/ConfigurableApplicationContext;+9
j  com.example.tasKAppDB.TasKAppDbApplication.main([Ljava/lang/String;)V+3
v  ~StubRoutines::call_stub

siginfo: EXCEPTION_IN_PAGE_ERROR (0xc0000006), reading address 0x000001ff3fe6a285


Register to memory mapping:

RIP=0x00007ff9e49b132c jimage.dll
RAX=0x000059de54e7f45b is an unknown value
RBX=0x000001ff3fe6a283 points into unknown readable memory: fa fa fe ca c6
RCX=0x000001ff3fe6a283 points into unknown readable memory: fa fa fe ca c6
RDX=0x000001ff4da6a5e0 points into unknown readable memory: 0x0000000000000000 | 00 00 00 00 00 00 00 00
RSP=0x000000d08acfb370 is pointing into the stack for thread: 0x000001ff3f2ed840
RBP=0x000000d08acfb440 is pointing into the stack for thread: 0x000001ff3f2ed840
RSI=0x000001ff3fe6a283 points into unknown readable memory: fa fa fe ca c6
RDI=0x000001ff3fe6a283 points into unknown readable memory: fa fa fe ca c6
R8 =0x0000000000000a27 is an unknown value
R9 =0x000000d08acfb440 is pointing into the stack for thread: 0x000001ff3f2ed840
R10=0x000001ff3f3ee9d0 points into unknown readable memory: 0xa319d09e110b0800 | 00 08 0b 11 9e d0 19 a3
R11=0x0 is NULL
R12=0x0000000000000a27 is an unknown value
R13=0x000001ff3f2edd20 points into unknown readable memory: 0x756365732f6e7573 | 73 75 6e 2f 73 65 63 75
R14=0x000001ff4da6a5e0 points into unknown readable memory: 0x0000000000000000 | 00 00 00 00 00 00 00 00
R15=0x000001ff4da6a5e0 points into unknown readable memory: 0x0000000000000000 | 00 00 00 00 00 00 00 00


Registers:
RAX=0x000059de54e7f45b, RBX=0x000001ff3fe6a283, RCX=0x000001ff3fe6a283, RDX=0x000001ff4da6a5e0
RSP=0x000000d08acfb370, RBP=0x000000d08acfb440, RSI=0x000001ff3fe6a283, RDI=0x000001ff3fe6a283
R8 =0x0000000000000a27, R9 =0x000000d08acfb440, R10=0x000001ff3f3ee9d0, R11=0x0000000000000000
R12=0x0000000000000a27, R13=0x000001ff3f2edd20, R14=0x000001ff4da6a5e0, R15=0x000001ff4da6a5e0
RIP=0x00007ff9e49b132c, EFLAGS=0x0000000000010202

Top of Stack: (sp=0x000000d08acfb370)
0x000000d08acfb370:   0000000000000000 00007ff9acebf99f
0x000000d08acfb380:   000000d08acfb468 000001ff4f9af2c8
0x000000d08acfb390:   b7f3c3ffef21fbff 0000000000000010
0x000000d08acfb3a0:   00000000fcfddba5 00007ff9e805988f
0x000000d08acfb3b0:   0000000000000000 000001ff4f9af2c8
0x000000d08acfb3c0:   0000000000000005 000059de54e7f45b
0x000000d08acfb3d0:   0000000000000a27 000001ff4da6a5e0
0x000000d08acfb3e0:   000001ff3f2edd10 000001ff3d148dc0
0x000000d08acfb3f0:   0000000000941a53 00000000000004e3
0x000000d08acfb400:   000001ff3fe6a283 00007ff9e49b1e97
0x000000d08acfb410:   0000000000000000 0000000000000000
0x000000d08acfb420:   0000000000000000 0000000000000000
0x000000d08acfb430:   00007ff9e49b6000 00000000000018e4
0x000000d08acfb440:   000001ff3f48d079 00007ff90009b7b7
0x000000d08acfb450:   000001ff3f2edd10 000001ff3f2fbed0
0x000000d08acfb460:   000001ff3d148dc0 00007ff9e49b1f2e 

Instructions: (pc=0x00007ff9e49b132c)
0x00007ff9e49b122c:   89 0a c3 cc 48 8d 05 c9 4d 00 00 84 c9 74 07 48
0x00007ff9e49b123c:   8d 05 c6 4d 00 00 c3 cc 0f b6 01 0f b6 49 01 66
0x00007ff9e49b124c:   c1 e0 08 66 0b c1 c3 cc 0f b7 c2 88 51 01 66 c1
0x00007ff9e49b125c:   e8 08 88 01 c3 cc cc cc 48 89 5c 24 08 4c 8b 09
0x00007ff9e49b126c:   4c 8b d9 41 b8 04 00 00 00 41 0f b6 01 84 c0 79
0x00007ff9e49b127c:   4e 44 0f be c0 24 1f 41 c1 f8 05 41 83 e0 03 0f
0x00007ff9e49b128c:   b6 d0 41 83 f8 01 74 57 42 8d 0c c5 f8 ff ff ff
0x00007ff9e49b129c:   41 8b d8 d3 e2 48 83 fb 01 76 44 41 ba 01 00 00
0x00007ff9e49b12ac:   00 42 8d 0c c5 f0 ff ff ff 43 0f b6 04 11 49 ff
0x00007ff9e49b12bc:   c2 d3 e0 83 e9 08 0b d0 4c 3b d3 7c ec eb 20 41
0x00007ff9e49b12cc:   0f b6 49 02 8b d0 41 0f b6 41 01 c1 e2 08 0b d0
0x00007ff9e49b12dc:   c1 e2 08 0b d1 41 0f b6 49 03 c1 e2 08 0b d1 48
0x00007ff9e49b12ec:   8b 5c 24 08 8b c2 41 8b c8 49 03 c9 49 89 0b c3
0x00007ff9e49b12fc:   40 53 55 56 57 41 54 41 56 41 57 48 83 ec 60 48
0x00007ff9e49b130c:   8b 05 26 4d 00 00 48 33 c4 48 89 44 24 58 49 8b
0x00007ff9e49b131c:   e9 4d 8b e0 4c 8b fa 48 8b f1 48 8b d9 48 8b f9
0x00007ff9e49b132c:   0f b6 47 02 44 0f b6 47 03 41 c1 e0 08 44 0b c0
0x00007ff9e49b133c:   0f b6 47 01 41 c1 e0 08 44 0b c0 0f b6 07 41 c1
0x00007ff9e49b134c:   e0 08 44 0b c0 44 89 44 24 30 0f b6 47 0a 0f b6
0x00007ff9e49b135c:   57 0b 0f b6 4f 07 48 c1 e2 08 48 0b d0 c1 e1 08
0x00007ff9e49b136c:   0f b6 47 09 48 c1 e2 08 48 0b d0 0f b6 47 08 48
0x00007ff9e49b137c:   c1 e2 08 48 0b d0 0f b6 47 06 0b c8 48 c1 e2 20
0x00007ff9e49b138c:   0f b6 47 05 c1 e1 08 0b c1 c1 e0 08 48 98 48 0b
0x00007ff9e49b139c:   d0 0f b6 47 04 48 0b d0 48 89 54 24 38 0f b6 47
0x00007ff9e49b13ac:   12 44 0f b6 4f 13 0f b6 4f 0f c1 e1 08 49 c1 e1
0x00007ff9e49b13bc:   08 4c 0b c8 0f b6 47 11 49 c1 e1 08 4c 0b c8 0f
0x00007ff9e49b13cc:   b6 47 10 49 c1 e1 08 4c 0b c8 0f b6 47 0e 0b c8
0x00007ff9e49b13dc:   49 c1 e1 20 0f b6 47 0d c1 e1 08 0b c1 c1 e0 08
0x00007ff9e49b13ec:   48 98 4c 0b c8 0f b6 47 0c 4c 0b c8 4c 89 4c 24
0x00007ff9e49b13fc:   40 0f b6 47 16 0f b6 4f 17 c1 e1 08 0b c8 0f b6
0x00007ff9e49b140c:   47 15 c1 e1 08 0b c8 0f b6 47 14 c1 e1 08 0b c8
0x00007ff9e49b141c:   89 4c 24 48 0f b6 47 1a 0f b6 57 1b c1 e2 08 0b 


Stack slot to memory mapping:
stack at sp + 0 slots: 0x0 is NULL
stack at sp + 1 slots: 0x00007ff9acebf99f jvm.dll
stack at sp + 2 slots: 0x000000d08acfb468 is pointing into the stack for thread: 0x000001ff3f2ed840
stack at sp + 3 slots: 0x000001ff4f9af2c8 points into unknown readable memory: 0x000001ff4f7e16b0 | b0 16 7e 4f ff 01 00 00
stack at sp + 4 slots: 0xb7f3c3ffef21fbff is an unknown value
stack at sp + 5 slots: 0x0000000000000010 is an unknown value
stack at sp + 6 slots: 0x00000000fcfddba5 is an unallocated location in the heap
stack at sp + 7 slots: 0x00007ff9e805988f KERNELBASE.dll


---------------  P R O C E S S  ---------------

Threads class SMR info:
_java_thread_list=0x000001ff4d57a190, length=23, elements={
0x000001ff3f2ed840, 0x000001ff4c7ad3e0, 0x000001ff4c7b3640, 0x000001ff4c77cac0,
0x000001ff4c77f4f0, 0x000001ff4c782540, 0x000001ff4d0fac40, 0x000001ff4d0fb110,
0x000001ff4d11a640, 0x000001ff4c71bb40, 0x000001ff4d1d6060, 0x000001ff4d2f5200,
0x000001ff4d7dee50, 0x000001ff4d7c83e0, 0x000001ff4d8bd020, 0x000001ff4d8c9540,
0x000001ff3f2ee7f0, 0x000001ff4d8fbdf0, 0x000001ff4d91d6a0, 0x000001ff4db65ef0,
0x000001ff4db66890, 0x000001ff4db663c0, 0x000001ff4db65080
}

Java Threads: ( => current thread )
=>0x000001ff3f2ed840 JavaThread "main" [_thread_in_vm, id=6372, stack(0x000000d08ac00000,0x000000d08ad00000)]
  0x000001ff4c7ad3e0 JavaThread "Reference Handler" daemon [_thread_blocked, id=2632, stack(0x000000d08b300000,0x000000d08b400000)]
  0x000001ff4c7b3640 JavaThread "Finalizer" daemon [_thread_blocked, id=11184, stack(0x000000d08b400000,0x000000d08b500000)]
  0x000001ff4c77cac0 JavaThread "Signal Dispatcher" daemon [_thread_blocked, id=360, stack(0x000000d08b600000,0x000000d08b700000)]
  0x000001ff4c77f4f0 JavaThread "Attach Listener" daemon [_thread_blocked, id=9984, stack(0x000000d08b700000,0x000000d08b800000)]
  0x000001ff4c782540 JavaThread "Service Thread" daemon [_thread_blocked, id=8600, stack(0x000000d08b800000,0x000000d08b900000)]
  0x000001ff4d0fac40 JavaThread "Monitor Deflation Thread" daemon [_thread_blocked, id=5424, stack(0x000000d08b900000,0x000000d08ba00000)]
  0x000001ff4d0fb110 JavaThread "C1 CompilerThread0" daemon [_thread_blocked, id=4136, stack(0x000000d08ba00000,0x000000d08bb00000)]
  0x000001ff4d11a640 JavaThread "Sweeper thread" daemon [_thread_blocked, id=7716, stack(0x000000d08bb00000,0x000000d08bc00000)]
  0x000001ff4c71bb40 JavaThread "Common-Cleaner" daemon [_thread_blocked, id=5692, stack(0x000000d08bc00000,0x000000d08bd00000)]
  0x000001ff4d1d6060 JavaThread "C1 CompilerThread1" daemon [_thread_blocked, id=5052, stack(0x000000d08bd00000,0x000000d08be00000)]
  0x000001ff4d2f5200 JavaThread "Notification Thread" daemon [_thread_blocked, id=1200, stack(0x000000d08bf00000,0x000000d08c000000)]
  0x000001ff4d7dee50 JavaThread "RMI TCP Accept-0" daemon [_thread_in_native, id=10584, stack(0x000000d08c000000,0x000000d08c100000)]
  0x000001ff4d7c83e0 JavaThread "RMI TCP Accept-51088" daemon [_thread_in_native, id=8012, stack(0x000000d08c100000,0x000000d08c200000)]
  0x000001ff4d8bd020 JavaThread "RMI TCP Connection(1)-127.0.0.1" daemon [_thread_in_native, id=9300, stack(0x000000d08c200000,0x000000d08c300000)]
  0x000001ff4d8c9540 JavaThread "RMI TCP Accept-0" daemon [_thread_in_native, id=7252, stack(0x000000d08c300000,0x000000d08c400000)]
  0x000001ff3f2ee7f0 JavaThread "RMI Scheduler(0)" daemon [_thread_blocked, id=8956, stack(0x000000d08c500000,0x000000d08c600000)]
  0x000001ff4d8fbdf0 JavaThread "RMI TCP Connection(2)-127.0.0.1" daemon [_thread_in_native, id=9344, stack(0x000000d08c600000,0x000000d08c700000)]
  0x000001ff4d91d6a0 JavaThread "JMX server connection timeout 21" daemon [_thread_blocked, id=9624, stack(0x000000d08cc00000,0x000000d08cd00000)]
  0x000001ff4db65ef0 JavaThread "Catalina-utility-1" [_thread_blocked, id=7184, stack(0x000000d08d200000,0x000000d08d300000)]
  0x000001ff4db66890 JavaThread "Catalina-utility-2" [_thread_blocked, id=9284, stack(0x000000d08d300000,0x000000d08d400000)]
  0x000001ff4db663c0 JavaThread "container-0" [_thread_blocked, id=3468, stack(0x000000d08d400000,0x000000d08d500000)]
  0x000001ff4db65080 JavaThread "mysql-cj-abandoned-connection-cleanup" daemon [_thread_blocked, id=9368, stack(0x000000d08d500000,0x000000d08d600000)]

Other Threads:
  0x000001ff4c7369c0 VMThread "VM Thread" [stack: 0x000000d08b200000,0x000000d08b300000] [id=10848]
  0x000001ff4d7de070 WatcherThread [stack: 0x000000d08c400000,0x000000d08c500000] [id=11244]
  0x000001ff3f349fb0 GCTaskThread "GC Thread#0" [stack: 0x000000d08ad00000,0x000000d08ae00000] [id=10220]
  0x000001ff4d906b10 GCTaskThread "GC Thread#1" [stack: 0x000000d08c700000,0x000000d08c800000] [id=2172]
  0x000001ff4d91ca00 GCTaskThread "GC Thread#2" [stack: 0x000000d08c800000,0x000000d08c900000] [id=3064]
  0x000001ff4d940990 GCTaskThread "GC Thread#3" [stack: 0x000000d08c900000,0x000000d08ca00000] [id=10696]
  0x000001ff3f35cea0 ConcurrentGCThread "G1 Main Marker" [stack: 0x000000d08ae00000,0x000000d08af00000] [id=3032]
  0x000001ff3f35e530 ConcurrentGCThread "G1 Conc#0" [stack: 0x000000d08af00000,0x000000d08b000000] [id=9844]
  0x000001ff4c5e40c0 ConcurrentGCThread "G1 Refine#0" [stack: 0x000000d08b000000,0x000000d08b100000] [id=10612]
  0x000001ff4d91e290 ConcurrentGCThread "G1 Refine#1" [stack: 0x000000d08ca00000,0x000000d08cb00000] [id=7908]
  0x000001ff4d940c40 ConcurrentGCThread "G1 Refine#2" [stack: 0x000000d08cb00000,0x000000d08cc00000] [id=6832]
  0x000001ff4c5e55f0 ConcurrentGCThread "G1 Service" [stack: 0x000000d08b100000,0x000000d08b200000] [id=3768]

Threads with active compile tasks:

VM state: not at safepoint (normal execution)

VM Mutex/Monitor currently owned by a thread: None

Heap address: 0x0000000081c00000, size: 2020 MB, Compressed Oops mode: 32-bit

CDS archive(s) not mapped
Compressed class space mapped at: 0x0000000100000000-0x0000000140000000, reserved size: 1073741824
Narrow klass base: 0x0000000000000000, Narrow klass shift: 3, Narrow klass range: 0x140000000

GC Precious Log:
 CPUs: 4 total, 4 available
 Memory: 8073M
 Large Page Support: Disabled
 NUMA Support: Disabled
 Compressed Oops: Enabled (32-bit)
 Heap Region Size: 1M
 Heap Min Capacity: 8M
 Heap Initial Capacity: 128M
 Heap Max Capacity: 2020M
 Pre-touch: Disabled
 Parallel Workers: 4
 Concurrent Workers: 1
 Concurrent Refinement Workers: 4
 Periodic GC: Disabled

Heap:
 garbage-first heap   total 65536K, used 47173K [0x0000000081c00000, 0x0000000100000000)
  region size 1024K, 36 young (36864K), 5 survivors (5120K)
 Metaspace       used 45905K, committed 46272K, reserved 1089536K
  class space    used 5927K, committed 6080K, reserved 1048576K

Heap Regions: E=young(eden), S=young(survivor), O=old, HS=humongous(starts), HC=humongous(continues), CS=collection set, F=free, OA=open archive, CA=closed archive, TAMS=top-at-mark-start (previous, next)
|   0|0x0000000081c00000, 0x0000000081d00000, 0x0000000081d00000|100%|HS|  |TAMS 0x0000000081d00000, 0x0000000081c00000| Complete 
|   1|0x0000000081d00000, 0x0000000081e00000, 0x0000000081e00000|100%| O|  |TAMS 0x0000000081e00000, 0x0000000081d00000| Untracked 
|   2|0x0000000081e00000, 0x0000000081f00000, 0x0000000081f00000|100%| O|  |TAMS 0x0000000081f00000, 0x0000000081e00000| Untracked 
|   3|0x0000000081f00000, 0x0000000082000000, 0x0000000082000000|100%| O|  |TAMS 0x0000000082000000, 0x0000000081f00000| Untracked 
|   4|0x0000000082000000, 0x0000000082100000, 0x0000000082100000|100%| O|  |TAMS 0x0000000082100000, 0x0000000082000000| Untracked 
|   5|0x0000000082100000, 0x0000000082200000, 0x0000000082200000|100%| O|  |TAMS 0x0000000082200000, 0x0000000082100000| Untracked 
|   6|0x0000000082200000, 0x0000000082300000, 0x0000000082300000|100%| O|  |TAMS 0x0000000082300000, 0x0000000082200000| Untracked 
|   7|0x0000000082300000, 0x0000000082400000, 0x0000000082400000|100%| O|  |TAMS 0x0000000082400000, 0x0000000082300000| Untracked 
|   8|0x0000000082400000, 0x0000000082500000, 0x0000000082500000|100%| O|  |TAMS 0x0000000082500000, 0x0000000082400000| Untracked 
|   9|0x0000000082500000, 0x0000000082600000, 0x0000000082600000|100%| O|  |TAMS 0x0000000082600000, 0x0000000082500000| Untracked 
|  10|0x0000000082600000, 0x0000000082700000, 0x0000000082700000|100%| O|  |TAMS 0x0000000082700000, 0x0000000082600000| Untracked 
|  11|0x0000000082700000, 0x000000008275cc00, 0x0000000082800000| 36%| O|  |TAMS 0x000000008275cc00, 0x0000000082700000| Untracked 
|  12|0x0000000082800000, 0x0000000082800000, 0x0000000082900000|  0%| F|  |TAMS 0x0000000082800000, 0x0000000082800000| Untracked 
|  13|0x0000000082900000, 0x0000000082900000, 0x0000000082a00000|  0%| F|  |TAMS 0x0000000082900000, 0x0000000082900000| Untracked 
|  14|0x0000000082a00000, 0x0000000082a00000, 0x0000000082b00000|  0%| F|  |TAMS 0x0000000082a00000, 0x0000000082a00000| Untracked 
|  15|0x0000000082b00000, 0x0000000082b00000, 0x0000000082c00000|  0%| F|  |TAMS 0x0000000082b00000, 0x0000000082b00000| Untracked 
|  16|0x0000000082c00000, 0x0000000082c00000, 0x0000000082d00000|  0%| F|  |TAMS 0x0000000082c00000, 0x0000000082c00000| Untracked 
|  17|0x0000000082d00000, 0x0000000082d00000, 0x0000000082e00000|  0%| F|  |TAMS 0x0000000082d00000, 0x0000000082d00000| Untracked 
|  18|0x0000000082e00000, 0x0000000082e00000, 0x0000000082f00000|  0%| F|  |TAMS 0x0000000082e00000, 0x0000000082e00000| Untracked 
|  19|0x0000000082f00000, 0x0000000082f00000, 0x0000000083000000|  0%| F|  |TAMS 0x0000000082f00000, 0x0000000082f00000| Untracked 
|  20|0x0000000083000000, 0x0000000083000000, 0x0000000083100000|  0%| F|  |TAMS 0x0000000083000000, 0x0000000083000000| Untracked 
|  21|0x0000000083100000, 0x0000000083100000, 0x0000000083200000|  0%| F|  |TAMS 0x0000000083100000, 0x0000000083100000| Untracked 
|  22|0x0000000083200000, 0x0000000083200000, 0x0000000083300000|  0%| F|  |TAMS 0x0000000083200000, 0x0000000083200000| Untracked 
|  23|0x0000000083300000, 0x0000000083300000, 0x0000000083400000|  0%| F|  |TAMS 0x0000000083300000, 0x0000000083300000| Untracked 
|  24|0x0000000083400000, 0x0000000083400000, 0x0000000083500000|  0%| F|  |TAMS 0x0000000083400000, 0x0000000083400000| Untracked 
|  25|0x0000000083500000, 0x0000000083500000, 0x0000000083600000|  0%| F|  |TAMS 0x0000000083500000, 0x0000000083500000| Untracked 
|  26|0x0000000083600000, 0x0000000083600000, 0x0000000083700000|  0%| F|  |TAMS 0x0000000083600000, 0x0000000083600000| Untracked 
|  27|0x0000000083700000, 0x0000000083700000, 0x0000000083800000|  0%| F|  |TAMS 0x0000000083700000, 0x0000000083700000| Untracked 
|  28|0x0000000083800000, 0x0000000083880800, 0x0000000083900000| 50%| E|  |TAMS 0x0000000083800000, 0x0000000083800000| Complete 
|  29|0x0000000083900000, 0x0000000083a00000, 0x0000000083a00000|100%| E|CS|TAMS 0x0000000083900000, 0x0000000083900000| Complete 
|  30|0x0000000083a00000, 0x0000000083b00000, 0x0000000083b00000|100%| E|CS|TAMS 0x0000000083a00000, 0x0000000083a00000| Complete 
|  31|0x0000000083b00000, 0x0000000083c00000, 0x0000000083c00000|100%| E|CS|TAMS 0x0000000083b00000, 0x0000000083b00000| Complete 
|  32|0x0000000083c00000, 0x0000000083d00000, 0x0000000083d00000|100%| E|CS|TAMS 0x0000000083c00000, 0x0000000083c00000| Complete 
|  33|0x0000000083d00000, 0x0000000083e00000, 0x0000000083e00000|100%| E|CS|TAMS 0x0000000083d00000, 0x0000000083d00000| Complete 
|  34|0x0000000083e00000, 0x0000000083f00000, 0x0000000083f00000|100%| E|CS|TAMS 0x0000000083e00000, 0x0000000083e00000| Complete 
|  35|0x0000000083f00000, 0x0000000084000000, 0x0000000084000000|100%| E|CS|TAMS 0x0000000083f00000, 0x0000000083f00000| Complete 
|  36|0x0000000084000000, 0x0000000084100000, 0x0000000084100000|100%| E|CS|TAMS 0x0000000084000000, 0x0000000084000000| Complete 
|  37|0x0000000084100000, 0x0000000084200000, 0x0000000084200000|100%| E|CS|TAMS 0x0000000084100000, 0x0000000084100000| Complete 
|  38|0x0000000084200000, 0x0000000084300000, 0x0000000084300000|100%| E|CS|TAMS 0x0000000084200000, 0x0000000084200000| Complete 
|  39|0x0000000084300000, 0x0000000084400000, 0x0000000084400000|100%| E|CS|TAMS 0x0000000084300000, 0x0000000084300000| Complete 
|  40|0x0000000084400000, 0x0000000084500000, 0x0000000084500000|100%| E|CS|TAMS 0x0000000084400000, 0x0000000084400000| Complete 
|  41|0x0000000084500000, 0x0000000084600000, 0x0000000084600000|100%| E|CS|TAMS 0x0000000084500000, 0x0000000084500000| Complete 
|  42|0x0000000084600000, 0x0000000084700000, 0x0000000084700000|100%| E|CS|TAMS 0x0000000084600000, 0x0000000084600000| Complete 
|  43|0x0000000084700000, 0x0000000084800000, 0x0000000084800000|100%| E|CS|TAMS 0x0000000084700000, 0x0000000084700000| Complete 
|  44|0x0000000084800000, 0x0000000084900000, 0x0000000084900000|100%| E|CS|TAMS 0x0000000084800000, 0x0000000084800000| Complete 
|  45|0x0000000084900000, 0x0000000084a00000, 0x0000000084a00000|100%| E|CS|TAMS 0x0000000084900000, 0x0000000084900000| Complete 
|  46|0x0000000084a00000, 0x0000000084b00000, 0x0000000084b00000|100%| E|CS|TAMS 0x0000000084a00000, 0x0000000084a00000| Complete 
|  47|0x0000000084b00000, 0x0000000084c00000, 0x0000000084c00000|100%| E|CS|TAMS 0x0000000084b00000, 0x0000000084b00000| Complete 
|  48|0x0000000084c00000, 0x0000000084d00000, 0x0000000084d00000|100%| E|CS|TAMS 0x0000000084c00000, 0x0000000084c00000| Complete 
|  49|0x0000000084d00000, 0x0000000084e00000, 0x0000000084e00000|100%| E|CS|TAMS 0x0000000084d00000, 0x0000000084d00000| Complete 
|  50|0x0000000084e00000, 0x0000000084f00000, 0x0000000084f00000|100%| E|CS|TAMS 0x0000000084e00000, 0x0000000084e00000| Complete 
|  51|0x0000000084f00000, 0x0000000085000000, 0x0000000085000000|100%| E|CS|TAMS 0x0000000084f00000, 0x0000000084f00000| Complete 
|  52|0x0000000085000000, 0x0000000085100000, 0x0000000085100000|100%| E|CS|TAMS 0x0000000085000000, 0x0000000085000000| Complete 
|  53|0x0000000085100000, 0x0000000085200000, 0x0000000085200000|100%| E|CS|TAMS 0x0000000085100000, 0x0000000085100000| Complete 
|  54|0x0000000085200000, 0x0000000085300000, 0x0000000085300000|100%| E|CS|TAMS 0x0000000085200000, 0x0000000085200000| Complete 
|  55|0x0000000085300000, 0x00000000853b4820, 0x0000000085400000| 70%| S|CS|TAMS 0x0000000085300000, 0x0000000085300000| Complete 
|  56|0x0000000085400000, 0x0000000085500000, 0x0000000085500000|100%| S|CS|TAMS 0x0000000085400000, 0x0000000085400000| Complete 
|  57|0x0000000085500000, 0x0000000085600000, 0x0000000085600000|100%| S|CS|TAMS 0x0000000085500000, 0x0000000085500000| Complete 
|  58|0x0000000085600000, 0x0000000085700000, 0x0000000085700000|100%| S|CS|TAMS 0x0000000085600000, 0x0000000085600000| Complete 
|  59|0x0000000085700000, 0x0000000085800000, 0x0000000085800000|100%| S|CS|TAMS 0x0000000085700000, 0x0000000085700000| Complete 
|  60|0x0000000085800000, 0x0000000085900000, 0x0000000085900000|100%| E|CS|TAMS 0x0000000085800000, 0x0000000085800000| Complete 
|  61|0x0000000085900000, 0x0000000085a00000, 0x0000000085a00000|100%| E|CS|TAMS 0x0000000085900000, 0x0000000085900000| Complete 
| 126|0x0000000089a00000, 0x0000000089b00000, 0x0000000089b00000|100%| E|CS|TAMS 0x0000000089a00000, 0x0000000089a00000| Complete 
| 127|0x0000000089b00000, 0x0000000089c00000, 0x0000000089c00000|100%| E|CS|TAMS 0x0000000089b00000, 0x0000000089b00000| Complete 

Card table byte_map: [0x000001ff45d90000,0x000001ff46190000] _byte_map_base: 0x000001ff45982000

Marking Bits (Prev, Next): (CMBitMap*) 0x000001ff3f34c8f0, (CMBitMap*) 0x000001ff3f34c930
 Prev Bits: [0x000001ff46590000, 0x000001ff48520000)
 Next Bits: [0x000001ff48520000, 0x000001ff4a4b0000)

Polling page: 0x000001ff3d0b0000

Metaspace:

Usage:
  Non-class:     39.04 MB used.
      Class:      5.79 MB used.
       Both:     44.83 MB used.

Virtual space:
  Non-class space:       40.00 MB reserved,      39.25 MB ( 98%) committed,  5 nodes.
      Class space:        1.00 GB reserved,       5.94 MB ( <1%) committed,  1 nodes.
             Both:        1.04 GB reserved,      45.19 MB (  4%) committed. 

Chunk freelists:
   Non-Class:  416.00 KB
       Class:  2.01 MB
        Both:  2.41 MB

MaxMetaspaceSize: unlimited
CompressedClassSpaceSize: 1.00 GB
Initial GC threshold: 21.00 MB
Current GC threshold: 59.50 MB
CDS: off
MetaspaceReclaimPolicy: balanced
 - commit_granule_bytes: 65536.
 - commit_granule_words: 8192.
 - virtual_space_node_default_size: 1048576.
 - enlarge_chunks_in_place: 1.
 - new_chunks_are_fully_committed: 0.
 - uncommit_free_chunks: 1.
 - use_allocation_guard: 0.
 - handle_deallocations: 1.


Internal statistics:

num_allocs_failed_limit: 6.
num_arena_births: 426.
num_arena_deaths: 2.
num_vsnodes_births: 6.
num_vsnodes_deaths: 0.
num_space_committed: 723.
num_space_uncommitted: 0.
num_chunks_returned_to_freelist: 8.
num_chunks_taken_from_freelist: 1672.
num_chunk_merges: 6.
num_chunk_splits: 1171.
num_chunks_enlarged: 872.
num_purges: 2.
num_inconsistent_stats: 0.

CodeCache: size=49152Kb used=7553Kb max_used=7553Kb free=41598Kb
 bounds [0x000001ff42990000, 0x000001ff43100000, 0x000001ff45990000]
 total_blobs=4275 nmethods=3722 adapters=479
 compilation: enabled
              stopped_count=0, restarted_count=0
 full_count=0

Compilation events (20 events):
Event: 13.507 Thread 0x000001ff4d0fb110 3711       1       sun.security.util.ObjectIdentifier::checkOtherComponent (41 bytes)
Event: 13.508 Thread 0x000001ff4d1d6060 3712       1       java.security.Provider::getName (5 bytes)
Event: 13.508 Thread 0x000001ff4d1d6060 nmethod 3712 0x000001ff430ecf90 code [0x000001ff430ed120, 0x000001ff430ed1f8]
Event: 13.509 Thread 0x000001ff4d0fb110 nmethod 3711 0x000001ff430ed290 code [0x000001ff430ed480, 0x000001ff430ed828]
Event: 13.512 Thread 0x000001ff4d1d6060 3713       1       java.util.ArrayList$ArrayListSpliterator::characteristics (4 bytes)
Event: 13.512 Thread 0x000001ff4d1d6060 nmethod 3713 0x000001ff430eda10 code [0x000001ff430edba0, 0x000001ff430edc78]
Event: 13.512 Thread 0x000001ff4d0fb110 3714       1       java.util.ArrayList$ArrayListSpliterator::getFence (35 bytes)
Event: 13.512 Thread 0x000001ff4d1d6060 3715       1       java.util.ArrayList$ArrayListSpliterator::tryAdvance (79 bytes)
Event: 13.513 Thread 0x000001ff4d0fb110 nmethod 3714 0x000001ff430edd10 code [0x000001ff430edea0, 0x000001ff430edf78]
Event: 13.513 Thread 0x000001ff4d0fb110 3716       1       com.mysql.cj.protocol.ExportControlled$$Lambda$809/0x00000001005b5c68::test (12 bytes)
Event: 13.513 Thread 0x000001ff4d0fb110 nmethod 3716 0x000001ff430ee010 code [0x000001ff430ee1a0, 0x000001ff430ee2e8]
Event: 13.513 Thread 0x000001ff4d0fb110 3717       1       com.mysql.cj.protocol.ExportControlled::lambda$null$4 (6 bytes)
Event: 13.513 Thread 0x000001ff4d1d6060 nmethod 3715 0x000001ff430ee410 code [0x000001ff430ee5e0, 0x000001ff430ee8c8]
Event: 13.513 Thread 0x000001ff4d0fb110 nmethod 3717 0x000001ff430eea90 code [0x000001ff430eec20, 0x000001ff430eed08]
Event: 13.514 Thread 0x000001ff4d1d6060 3718       1       java.util.stream.FindOps$FindOp::getOpFlags (5 bytes)
Event: 13.514 Thread 0x000001ff4d1d6060 nmethod 3718 0x000001ff430eee10 code [0x000001ff430eefa0, 0x000001ff430ef078]
Event: 13.519 Thread 0x000001ff4d0fb110 3719       1       sun.security.ssl.CipherSuite$KeyExchange::isAvailable (46 bytes)
Event: 13.519 Thread 0x000001ff4d0fb110 nmethod 3719 0x000001ff430ef410 code [0x000001ff430ef5c0, 0x000001ff430ef748]
Event: 13.520 Thread 0x000001ff4d1d6060 3720       1       java.util.regex.Pattern$LookBehindEndNode::match (14 bytes)
Event: 13.520 Thread 0x000001ff4d1d6060 nmethod 3720 0x000001ff430ef810 code [0x000001ff430ef9a0, 0x000001ff430efa78]

GC Heap History (20 events):
Event: 3.129 GC heap before
{Heap before GC invocations=0 (full 0):
 garbage-first heap   total 131072K, used 13312K [0x0000000081c00000, 0x0000000100000000)
  region size 1024K, 13 young (13312K), 0 survivors (0K)
 Metaspace       used 13170K, committed 13312K, reserved 1064960K
  class space    used 1356K, committed 1408K, reserved 1048576K
}
Event: 3.148 GC heap after
{Heap after GC invocations=1 (full 0):
 garbage-first heap   total 131072K, used 6165K [0x0000000081c00000, 0x0000000100000000)
  region size 1024K, 2 young (2048K), 2 survivors (2048K)
 Metaspace       used 13170K, committed 13312K, reserved 1064960K
  class space    used 1356K, committed 1408K, reserved 1048576K
}
Event: 4.024 GC heap before
{Heap before GC invocations=1 (full 0):
 garbage-first heap   total 131072K, used 15381K [0x0000000081c00000, 0x0000000100000000)
  region size 1024K, 11 young (11264K), 2 survivors (2048K)
 Metaspace       used 15883K, committed 16128K, reserved 1064960K
  class space    used 1708K, committed 1856K, reserved 1048576K
}
Event: 4.034 GC heap after
{Heap after GC invocations=2 (full 0):
 garbage-first heap   total 131072K, used 7549K [0x0000000081c00000, 0x0000000100000000)
  region size 1024K, 2 young (2048K), 2 survivors (2048K)
 Metaspace       used 15883K, committed 16128K, reserved 1064960K
  class space    used 1708K, committed 1856K, reserved 1048576K
}
Event: 4.776 GC heap before
{Heap before GC invocations=2 (full 0):
 garbage-first heap   total 131072K, used 28029K [0x0000000081c00000, 0x0000000100000000)
  region size 1024K, 23 young (23552K), 2 survivors (2048K)
 Metaspace       used 21244K, committed 21504K, reserved 1073152K
  class space    used 2442K, committed 2560K, reserved 1048576K
}
Event: 4.784 GC heap after
{Heap after GC invocations=3 (full 0):
 garbage-first heap   total 131072K, used 9141K [0x0000000081c00000, 0x0000000100000000)
  region size 1024K, 3 young (3072K), 3 survivors (3072K)
 Metaspace       used 21244K, committed 21504K, reserved 1073152K
  class space    used 2442K, committed 2560K, reserved 1048576K
}
Event: 4.785 GC heap before
{Heap before GC invocations=3 (full 0):
 garbage-first heap   total 131072K, used 9141K [0x0000000081c00000, 0x0000000100000000)
  region size 1024K, 4 young (4096K), 3 survivors (3072K)
 Metaspace       used 21266K, committed 21504K, reserved 1073152K
  class space    used 2443K, committed 2560K, reserved 1048576K
}
Event: 4.792 GC heap after
{Heap after GC invocations=4 (full 0):
 garbage-first heap   total 131072K, used 9318K [0x0000000081c00000, 0x0000000100000000)
  region size 1024K, 3 young (3072K), 3 survivors (3072K)
 Metaspace       used 21266K, committed 21504K, reserved 1073152K
  class space    used 2443K, committed 2560K, reserved 1048576K
}
Event: 5.290 GC heap before
{Heap before GC invocations=5 (full 0):
 garbage-first heap   total 40960K, used 29798K [0x0000000081c00000, 0x0000000100000000)
  region size 1024K, 24 young (24576K), 3 survivors (3072K)
 Metaspace       used 25790K, committed 26048K, reserved 1073152K
  class space    used 3051K, committed 3200K, reserved 1048576K
}
Event: 5.308 GC heap after
{Heap after GC invocations=6 (full 0):
 garbage-first heap   total 40960K, used 10342K [0x0000000081c00000, 0x0000000100000000)
  region size 1024K, 4 young (4096K), 4 survivors (4096K)
 Metaspace       used 25790K, committed 26048K, reserved 1073152K
  class space    used 3051K, committed 3200K, reserved 1048576K
}
Event: 5.333 GC heap before
{Heap before GC invocations=6 (full 0):
 garbage-first heap   total 40960K, used 10342K [0x0000000081c00000, 0x0000000100000000)
  region size 1024K, 5 young (5120K), 4 survivors (4096K)
 Metaspace       used 25889K, committed 26176K, reserved 1073152K
  class space    used 3069K, committed 3200K, reserved 1048576K
}
Event: 5.350 GC heap after
{Heap after GC invocations=7 (full 0):
 garbage-first heap   total 40960K, used 10722K [0x0000000081c00000, 0x0000000100000000)
  region size 1024K, 1 young (1024K), 1 survivors (1024K)
 Metaspace       used 25889K, committed 26176K, reserved 1073152K
  class space    used 3069K, committed 3200K, reserved 1048576K
}
Event: 7.001 GC heap before
{Heap before GC invocations=7 (full 0):
 garbage-first heap   total 40960K, used 27106K [0x0000000081c00000, 0x0000000100000000)
  region size 1024K, 18 young (18432K), 1 survivors (1024K)
 Metaspace       used 27471K, committed 27712K, reserved 1073152K
  class space    used 3285K, committed 3392K, reserved 1048576K
}
Event: 7.010 GC heap after
{Heap after GC invocations=8 (full 0):
 garbage-first heap   total 40960K, used 11603K [0x0000000081c00000, 0x0000000100000000)
  region size 1024K, 2 young (2048K), 2 survivors (2048K)
 Metaspace       used 27471K, committed 27712K, reserved 1073152K
  class space    used 3285K, committed 3392K, reserved 1048576K
}
Event: 8.019 GC heap before
{Heap before GC invocations=8 (full 0):
 garbage-first heap   total 40960K, used 29011K [0x0000000081c00000, 0x0000000100000000)
  region size 1024K, 19 young (19456K), 2 survivors (2048K)
 Metaspace       used 30342K, committed 30592K, reserved 1081344K
  class space    used 3710K, committed 3840K, reserved 1048576K
}
Event: 8.036 GC heap after
{Heap after GC invocations=9 (full 0):
 garbage-first heap   total 40960K, used 12856K [0x0000000081c00000, 0x0000000100000000)
  region size 1024K, 3 young (3072K), 3 survivors (3072K)
 Metaspace       used 30342K, committed 30592K, reserved 1081344K
  class space    used 3710K, committed 3840K, reserved 1048576K
}
Event: 8.969 GC heap before
{Heap before GC invocations=9 (full 0):
 garbage-first heap   total 40960K, used 30264K [0x0000000081c00000, 0x0000000100000000)
  region size 1024K, 20 young (20480K), 3 survivors (3072K)
 Metaspace       used 33179K, committed 33600K, reserved 1081344K
  class space    used 4168K, committed 4352K, reserved 1048576K
}
Event: 9.005 GC heap after
{Heap after GC invocations=10 (full 0):
 garbage-first heap   total 81920K, used 14707K [0x0000000081c00000, 0x0000000100000000)
  region size 1024K, 3 young (3072K), 3 survivors (3072K)
 Metaspace       used 33179K, committed 33600K, reserved 1081344K
  class space    used 4168K, committed 4352K, reserved 1048576K
}
Event: 10.038 GC heap before
{Heap before GC invocations=10 (full 0):
 garbage-first heap   total 81920K, used 34163K [0x0000000081c00000, 0x0000000100000000)
  region size 1024K, 23 young (23552K), 3 survivors (3072K)
 Metaspace       used 35927K, committed 36288K, reserved 1081344K
  class space    used 4494K, committed 4672K, reserved 1048576K
}
Event: 10.060 GC heap after
{Heap after GC invocations=11 (full 0):
 garbage-first heap   total 81920K, used 16453K [0x0000000081c00000, 0x0000000100000000)
  region size 1024K, 5 young (5120K), 5 survivors (5120K)
 Metaspace       used 35927K, committed 36288K, reserved 1081344K
  class space    used 4494K, committed 4672K, reserved 1048576K
}

Deoptimization events (10 events):
Event: 3.599 Thread 0x000001ff3f2ed840 DEOPT PACKING pc=0x000001ff42c4af75 sp=0x000000d08acfdd70
Event: 3.599 Thread 0x000001ff3f2ed840 DEOPT UNPACKING pc=0x000001ff429e2b43 sp=0x000000d08acfd1c8 mode 3
Event: 4.888 Thread 0x000001ff3f2ed840 DEOPT PACKING pc=0x000001ff42ebee99 sp=0x000000d08acfd780
Event: 4.888 Thread 0x000001ff3f2ed840 DEOPT UNPACKING pc=0x000001ff429e2b43 sp=0x000000d08acfcc60 mode 3
Event: 7.042 Thread 0x000001ff3f2ed840 DEOPT PACKING pc=0x000001ff42bbf794 sp=0x000000d08acfdc20
Event: 7.042 Thread 0x000001ff3f2ed840 DEOPT UNPACKING pc=0x000001ff429e2b43 sp=0x000000d08acfd178 mode 0
Event: 7.955 Thread 0x000001ff3f2ed840 DEOPT PACKING pc=0x000001ff42fc77f5 sp=0x000000d08acfe400
Event: 7.955 Thread 0x000001ff3f2ed840 DEOPT UNPACKING pc=0x000001ff429e2b43 sp=0x000000d08acfd870 mode 3
Event: 9.746 Thread 0x000001ff3f2ed840 DEOPT PACKING pc=0x000001ff43060a7d sp=0x000000d08acfcb90
Event: 9.746 Thread 0x000001ff3f2ed840 DEOPT UNPACKING pc=0x000001ff429e2b43 sp=0x000000d08acfc0f8 mode 3

Classes unloaded (1 events):
Event: 4.813 Thread 0x000001ff4c7369c0 Unloading class 0x0000000100143800 'java/lang/invoke/LambdaForm$MH+0x0000000100143800'

Classes redefined (0 events):
No events

Internal exceptions (20 events):
Event: 8.395 Thread 0x000001ff3f2ed840 Exception <a 'java/lang/NoSuchMethodError'{0x0000000083dbd580}: 'java.lang.Object java.lang.invoke.DirectMethodHandle$Holder.invokeSpecialIFC(java.lang.Object, java.lang.Object, java.lang.Object)'> (0x0000000083dbd580) 
thrown [e:\jenkins\tmp\workspace\build\src\src\hotspot\share\interpreter\linkResolver.cpp, line 766]
Event: 8.498 Thread 0x000001ff3f2ed840 Exception <a 'java/lang/NoSuchMethodError'{0x0000000083b06f48}: 'int java.lang.invoke.DirectMethodHandle$Holder.invokeSpecial(java.lang.Object, java.lang.Object, java.lang.Object, java.lang.Object, java.lang.Object)'> (0x0000000083b06f48) 
thrown [e:\jenkins\tmp\workspace\build\src\src\hotspot\share\interpreter\linkResolver.cpp, line 766]
Event: 8.548 Thread 0x000001ff4d8fbdf0 Exception <a 'java/lang/reflect/InvocationTargetException'{0x0000000089b066b0}> (0x0000000089b066b0) 
thrown [e:\jenkins\tmp\workspace\build\src\src\hotspot\share\runtime\reflection.cpp, line 1121]
Event: 8.604 Thread 0x000001ff3f2ed840 Exception <a 'java/lang/NoSuchMethodError'{0x0000000083ac1d20}: 'java.lang.Object java.lang.invoke.DirectMethodHandle$Holder.invokeStatic(java.lang.Object, java.lang.Object, int)'> (0x0000000083ac1d20) 
thrown [e:\jenkins\tmp\workspace\build\src\src\hotspot\share\interpreter\linkResolver.cpp, line 766]
Event: 8.606 Thread 0x000001ff3f2ed840 Exception <a 'java/lang/NoSuchMethodError'{0x0000000083acd6c0}: 'void java.lang.invoke.DelegatingMethodHandle$Holder.delegate(java.lang.Object, java.lang.Object, int, java.lang.Object)'> (0x0000000083acd6c0) 
thrown [e:\jenkins\tmp\workspace\build\src\src\hotspot\share\interpreter\linkResolver.cpp, line 766]
Event: 8.664 Thread 0x000001ff3f2ed840 Exception <a 'java/lang/NoSuchMethodError'{0x00000000839c11d8}: 'void java.lang.invoke.DirectMethodHandle$Holder.invokeInterface(java.lang.Object, java.lang.Object, int)'> (0x00000000839c11d8) 
thrown [e:\jenkins\tmp\workspace\build\src\src\hotspot\share\interpreter\linkResolver.cpp, line 766]
Event: 8.669 Thread 0x000001ff3f2ed840 Exception <a 'java/lang/NoSuchMethodError'{0x00000000839db280}: 'int java.lang.invoke.DirectMethodHandle$Holder.invokeVirtual(java.lang.Object, java.lang.Object)'> (0x00000000839db280) 
thrown [e:\jenkins\tmp\workspace\build\src\src\hotspot\share\interpreter\linkResolver.cpp, line 766]
Event: 8.678 Thread 0x000001ff3f2ed840 Exception <a 'java/lang/IncompatibleClassChangeError'{0x000000008381aa78}: Found class java.lang.Object, but interface was expected> (0x000000008381aa78) 
thrown [e:\jenkins\tmp\workspace\build\src\src\hotspot\share\interpreter\linkResolver.cpp, line 833]
Event: 8.680 Thread 0x000001ff3f2ed840 Exception <a 'java/lang/NoSuchMethodError'{0x000000008381fc00}: 'void java.lang.invoke.DirectMethodHandle$Holder.invokeStatic(java.lang.Object, int, java.lang.Object)'> (0x000000008381fc00) 
thrown [e:\jenkins\tmp\workspace\build\src\src\hotspot\share\interpreter\linkResolver.cpp, line 766]
Event: 8.688 Thread 0x000001ff3f2ed840 Exception <a 'java/lang/NoSuchMethodError'{0x000000008384ef18}: 'int java.lang.invoke.DirectMethodHandle$Holder.invokeSpecial(java.lang.Object, java.lang.Object, int)'> (0x000000008384ef18) 
thrown [e:\jenkins\tmp\workspace\build\src\src\hotspot\share\interpreter\linkResolver.cpp, line 766]
Event: 9.107 Thread 0x000001ff4d8fbdf0 Exception <a 'java/lang/reflect/InvocationTargetException'{0x0000000089901bc0}> (0x0000000089901bc0) 
thrown [e:\jenkins\tmp\workspace\build\src\src\hotspot\share\runtime\reflection.cpp, line 1121]
Event: 9.579 Thread 0x000001ff3f2ed840 Exception <a 'java/io/FileNotFoundException'{0x0000000086399938}> (0x0000000086399938) 
thrown [e:\jenkins\tmp\workspace\build\src\src\hotspot\share\prims\jni.cpp, line 516]
Event: 9.642 Thread 0x000001ff3f2ed840 Exception <a 'java/lang/NoSuchMethodError'{0x000000008610d4f0}: 'int java.lang.invoke.DirectMethodHandle$Holder.invokeInterface(java.lang.Object, java.lang.Object, java.lang.Object, java.lang.Object)'> (0x000000008610d4f0) 
thrown [e:\jenkins\tmp\workspace\build\src\src\hotspot\share\interpreter\linkResolver.cpp, line 766]
Event: 9.658 Thread 0x000001ff4d8fbdf0 Exception <a 'java/lang/reflect/InvocationTargetException'{0x0000000089905ee0}> (0x0000000089905ee0) 
thrown [e:\jenkins\tmp\workspace\build\src\src\hotspot\share\runtime\reflection.cpp, line 1121]
Event: 9.767 Thread 0x000001ff3f2ed840 Exception <a 'java/io/FileNotFoundException'{0x0000000085f096c0}> (0x0000000085f096c0) 
thrown [e:\jenkins\tmp\workspace\build\src\src\hotspot\share\prims\jni.cpp, line 516]
Event: 10.166 Thread 0x000001ff4d8fbdf0 Exception <a 'java/lang/reflect/InvocationTargetException'{0x0000000089a83260}> (0x0000000089a83260) 
thrown [e:\jenkins\tmp\workspace\build\src\src\hotspot\share\runtime\reflection.cpp, line 1121]
Event: 10.674 Thread 0x000001ff4d8fbdf0 Exception <a 'java/lang/reflect/InvocationTargetException'{0x0000000089a87580}> (0x0000000089a87580) 
thrown [e:\jenkins\tmp\workspace\build\src\src\hotspot\share\runtime\reflection.cpp, line 1121]
Event: 11.232 Thread 0x000001ff4d8fbdf0 Exception <a 'java/lang/reflect/InvocationTargetException'{0x0000000084382dc0}> (0x0000000084382dc0) 
thrown [e:\jenkins\tmp\workspace\build\src\src\hotspot\share\runtime\reflection.cpp, line 1121]
Event: 11.967 Thread 0x000001ff3f2ed840 Exception <a 'sun/nio/fs/WindowsException'{0x0000000083bdbf00}> (0x0000000083bdbf00) 
thrown [e:\jenkins\tmp\workspace\build\src\src\hotspot\share\prims\jni.cpp, line 516]
Event: 11.992 Thread 0x000001ff3f2ed840 Exception <a 'java/lang/NoSuchMethodError'{0x0000000083bfc540}: 'int java.lang.invoke.DirectMethodHandle$Holder.invokeStaticInit(java.lang.Object, java.lang.Object, java.lang.Object, java.lang.Object)'> (0x0000000083bfc540) 
thrown [e:\jenkins\tmp\workspace\build\src\src\hotspot\share\interpreter\linkResolver.cpp, line 766]

VM Operations (20 events):
Event: 9.697 Executing VM operation: HandshakeAllThreads
Event: 9.697 Executing VM operation: HandshakeAllThreads done
Event: 9.774 Executing VM operation: HandshakeAllThreads
Event: 9.774 Executing VM operation: HandshakeAllThreads done
Event: 9.876 Executing VM operation: HandshakeAllThreads
Event: 9.876 Executing VM operation: HandshakeAllThreads done
Event: 10.037 Executing VM operation: CollectForMetadataAllocation
Event: 10.060 Executing VM operation: CollectForMetadataAllocation done
Event: 10.135 Executing VM operation: G1Concurrent
Event: 10.141 Executing VM operation: G1Concurrent done
Event: 10.168 Executing VM operation: G1Concurrent
Event: 10.168 Executing VM operation: G1Concurrent done
Event: 11.169 Executing VM operation: Cleanup
Event: 11.169 Executing VM operation: Cleanup done
Event: 11.969 Executing VM operation: HandshakeAllThreads
Event: 11.970 Executing VM operation: HandshakeAllThreads done
Event: 11.978 Executing VM operation: HandshakeAllThreads
Event: 11.978 Executing VM operation: HandshakeAllThreads done
Event: 12.979 Executing VM operation: Cleanup
Event: 13.388 Executing VM operation: Cleanup done

Events (20 events):
Event: 13.531 loading class sun/security/ssl/MaxFragExtension$SHMaxFragmentLengthProducer done
Event: 13.531 loading class sun/security/ssl/MaxFragExtension$SHMaxFragmentLengthConsumer
Event: 13.531 loading class sun/security/ssl/MaxFragExtension$SHMaxFragmentLengthConsumer done
Event: 13.531 loading class sun/security/ssl/MaxFragExtension$SHMaxFragmentLengthUpdate
Event: 13.531 loading class sun/security/ssl/MaxFragExtension$SHMaxFragmentLengthUpdate done
Event: 13.531 loading class sun/security/ssl/MaxFragExtension$EEMaxFragmentLengthProducer
Event: 13.531 loading class sun/security/ssl/MaxFragExtension$EEMaxFragmentLengthProducer done
Event: 13.532 loading class sun/security/ssl/MaxFragExtension$EEMaxFragmentLengthConsumer
Event: 13.532 loading class sun/security/ssl/MaxFragExtension$EEMaxFragmentLengthConsumer done
Event: 13.532 loading class sun/security/ssl/MaxFragExtension$EEMaxFragmentLengthUpdate
Event: 13.532 loading class sun/security/ssl/MaxFragExtension$EEMaxFragmentLengthUpdate done
Event: 13.532 loading class sun/security/ssl/MaxFragExtension$MaxFragLenStringizer
Event: 13.532 loading class sun/security/ssl/MaxFragExtension$MaxFragLenStringizer done
Event: 13.532 loading class sun/security/ssl/CertStatusExtension
Event: 13.532 loading class sun/security/ssl/CertStatusExtension done
Event: 13.533 loading class sun/security/ssl/CertStatusExtension$CHCertStatusReqProducer
Event: 13.533 loading class sun/security/ssl/CertStatusExtension$CHCertStatusReqProducer done
Event: 13.533 loading class sun/security/ssl/CertStatusExtension$CHCertStatusReqConsumer
Event: 13.533 loading class sun/security/ssl/CertStatusExtension$CHCertStatusReqConsumer done
Event: 13.533 loading class sun/security/ssl/CertStatusExtension$SHCertStatusReqProducer


Dynamic libraries:
0x00007ff6d9c70000 - 0x00007ff6d9c7e000 	E:\Spring\sts-4.15.1.RELEASE\plugins\org.eclipse.justj.openjdk.hotspot.jre.full.win32.x86_64_17.0.3.v20220515-1416\jre\bin\javaw.exe
0x00007ff9eba60000 - 0x00007ff9ebc3b000 	C:\Windows\SYSTEM32\ntdll.dll
0x00007ff9eb8a0000 - 0x00007ff9eb94e000 	C:\Windows\System32\KERNEL32.DLL
0x00007ff9e8020000 - 0x00007ff9e8269000 	C:\Windows\System32\KERNELBASE.dll
0x00007ff9e8e10000 - 0x00007ff9e8f06000 	C:\Windows\System32\ucrtbase.dll
0x00007ff9d4f80000 - 0x00007ff9d4f98000 	E:\Spring\sts-4.15.1.RELEASE\plugins\org.eclipse.justj.openjdk.hotspot.jre.full.win32.x86_64_17.0.3.v20220515-1416\jre\bin\jli.dll
0x00007ff9d2990000 - 0x00007ff9d29a9000 	E:\Spring\sts-4.15.1.RELEASE\plugins\org.eclipse.justj.openjdk.hotspot.jre.full.win32.x86_64_17.0.3.v20220515-1416\jre\bin\VCRUNTIME140.dll
0x00007ff9eb3a0000 - 0x00007ff9eb4ea000 	C:\Windows\System32\USER32.dll
0x00007ff9e8df0000 - 0x00007ff9e8e0e000 	C:\Windows\System32\win32u.dll
0x00007ff9dbcd0000 - 0x00007ff9dbf37000 	C:\Windows\WinSxS\amd64_microsoft.windows.common-controls_6595b64144ccf1df_6.0.15063.0_none_108e4f62dfe5d999\COMCTL32.dll
0x00007ff9eb740000 - 0x00007ff9eb767000 	C:\Windows\System32\GDI32.dll
0x00007ff9ea790000 - 0x00007ff9ea82d000 	C:\Windows\System32\msvcrt.dll
0x00007ff9e8bf0000 - 0x00007ff9e8d79000 	C:\Windows\System32\gdi32full.dll
0x00007ff9e7f80000 - 0x00007ff9e801a000 	C:\Windows\System32\msvcp_win.dll
0x00007ff9eae10000 - 0x00007ff9eb109000 	C:\Windows\System32\combase.dll
0x00007ff9eb770000 - 0x00007ff9eb895000 	C:\Windows\System32\RPCRT4.dll
0x00007ff9e8d80000 - 0x00007ff9e8dea000 	C:\Windows\System32\bcryptPrimitives.dll
0x00007ff9e9070000 - 0x00007ff9e909d000 	C:\Windows\System32\IMM32.DLL
0x00007ff9dc4e0000 - 0x00007ff9dc4ec000 	E:\Spring\sts-4.15.1.RELEASE\plugins\org.eclipse.justj.openjdk.hotspot.jre.full.win32.x86_64_17.0.3.v20220515-1416\jre\bin\vcruntime140_1.dll
0x00007ff9cdca0000 - 0x00007ff9cdd31000 	E:\Spring\sts-4.15.1.RELEASE\plugins\org.eclipse.justj.openjdk.hotspot.jre.full.win32.x86_64_17.0.3.v20220515-1416\jre\bin\msvcp140.dll
0x00007ff9ac720000 - 0x00007ff9ad368000 	E:\Spring\sts-4.15.1.RELEASE\plugins\org.eclipse.justj.openjdk.hotspot.jre.full.win32.x86_64_17.0.3.v20220515-1416\jre\bin\server\jvm.dll
0x00007ff9e8fc0000 - 0x00007ff9e9061000 	C:\Windows\System32\ADVAPI32.dll
0x00007ff9eb590000 - 0x00007ff9eb5e9000 	C:\Windows\System32\sechost.dll
0x00007ff9eae00000 - 0x00007ff9eae08000 	C:\Windows\System32\PSAPI.DLL
0x00007ff9e3c60000 - 0x00007ff9e3c69000 	C:\Windows\SYSTEM32\WSOCK32.dll
0x00007ff9ea950000 - 0x00007ff9ea9bc000 	C:\Windows\System32\WS2_32.dll
0x00007ff9e6620000 - 0x00007ff9e6643000 	C:\Windows\SYSTEM32\WINMM.dll
0x00007ff9e61b0000 - 0x00007ff9e61ba000 	C:\Windows\SYSTEM32\VERSION.dll
0x00007ff9e65c0000 - 0x00007ff9e65eb000 	C:\Windows\SYSTEM32\WINMMBASE.dll
0x00007ff9e8f10000 - 0x00007ff9e8f59000 	C:\Windows\System32\cfgmgr32.dll
0x00007ff9e7ef0000 - 0x00007ff9e7f01000 	C:\Windows\System32\kernel.appcore.dll
0x00007ff9e49b0000 - 0x00007ff9e49ba000 	E:\Spring\sts-4.15.1.RELEASE\plugins\org.eclipse.justj.openjdk.hotspot.jre.full.win32.x86_64_17.0.3.v20220515-1416\jre\bin\jimage.dll
0x00007ff9e7910000 - 0x00007ff9e7ab9000 	C:\Windows\SYSTEM32\DBGHELP.DLL
0x00007ff9e7840000 - 0x00007ff9e7869000 	C:\Windows\SYSTEM32\dbgcore.DLL
0x00007ff9d79c0000 - 0x00007ff9d79e5000 	E:\Spring\sts-4.15.1.RELEASE\plugins\org.eclipse.justj.openjdk.hotspot.jre.full.win32.x86_64_17.0.3.v20220515-1416\jre\bin\java.dll
0x00007ff9e48b0000 - 0x00007ff9e48c8000 	E:\Spring\sts-4.15.1.RELEASE\plugins\org.eclipse.justj.openjdk.hotspot.jre.full.win32.x86_64_17.0.3.v20220515-1416\jre\bin\zip.dll
0x00007ff9e9350000 - 0x00007ff9ea787000 	C:\Windows\System32\SHELL32.dll
0x00007ff9eb110000 - 0x00007ff9eb1ba000 	C:\Windows\System32\shcore.dll
0x00007ff9e8440000 - 0x00007ff9e8b32000 	C:\Windows\System32\windows.storage.dll
0x00007ff9e9150000 - 0x00007ff9e91a1000 	C:\Windows\System32\shlwapi.dll
0x00007ff9e7f30000 - 0x00007ff9e7f7c000 	C:\Windows\System32\powrprof.dll
0x00007ff9e7f10000 - 0x00007ff9e7f25000 	C:\Windows\System32\profapi.dll
0x00007ff9e21d0000 - 0x00007ff9e21e9000 	E:\Spring\sts-4.15.1.RELEASE\plugins\org.eclipse.justj.openjdk.hotspot.jre.full.win32.x86_64_17.0.3.v20220515-1416\jre\bin\net.dll
0x00007ff9db630000 - 0x00007ff9db707000 	C:\Windows\SYSTEM32\WINHTTP.dll
0x00007ff9e74b0000 - 0x00007ff9e750c000 	C:\Windows\system32\mswsock.dll
0x00007ff9d79a0000 - 0x00007ff9d79b5000 	E:\Spring\sts-4.15.1.RELEASE\plugins\org.eclipse.justj.openjdk.hotspot.jre.full.win32.x86_64_17.0.3.v20220515-1416\jre\bin\nio.dll
0x00007ff9dba00000 - 0x00007ff9dba09000 	E:\Spring\sts-4.15.1.RELEASE\plugins\org.eclipse.justj.openjdk.hotspot.jre.full.win32.x86_64_17.0.3.v20220515-1416\jre\bin\management.dll
0x00007ff9da700000 - 0x00007ff9da70b000 	E:\Spring\sts-4.15.1.RELEASE\plugins\org.eclipse.justj.openjdk.hotspot.jre.full.win32.x86_64_17.0.3.v20220515-1416\jre\bin\management_ext.dll
0x00007ff9d42d0000 - 0x00007ff9d42e6000 	C:\Windows\system32\napinsp.dll
0x00007ff9d42b0000 - 0x00007ff9d42ca000 	C:\Windows\system32\pnrpnsp.dll
0x00007ff9e4810000 - 0x00007ff9e4828000 	C:\Windows\system32\NLAapi.dll
0x00007ff9e7290000 - 0x00007ff9e7334000 	C:\Windows\SYSTEM32\DNSAPI.dll
0x00007ff9e9120000 - 0x00007ff9e9128000 	C:\Windows\System32\NSI.dll
0x00007ff9e7250000 - 0x00007ff9e7287000 	C:\Windows\SYSTEM32\IPHLPAPI.DLL
0x00007ff9d42a0000 - 0x00007ff9d42ae000 	C:\Windows\System32\winrnr.dll
0x00000000754e0000 - 0x0000000075506000 	C:\Program Files\Bonjour\mdnsNSP.dll
0x00007ff9db5c0000 - 0x00007ff9db5d5000 	C:\Windows\System32\wshbth.dll
0x00007ff9db620000 - 0x00007ff9db62a000 	C:\Windows\System32\rasadhlp.dll
0x00007ff9dbf50000 - 0x00007ff9dbfbb000 	C:\Windows\System32\fwpuclnt.dll
0x00007ff9e78e0000 - 0x00007ff9e7905000 	C:\Windows\SYSTEM32\bcrypt.dll
0x00007ff9e7ac0000 - 0x00007ff9e7ad7000 	C:\Windows\SYSTEM32\CRYPTSP.dll
0x00007ff9e70d0000 - 0x00007ff9e7104000 	C:\Windows\system32\rsaenh.dll
0x00007ff9e7dd0000 - 0x00007ff9e7df9000 	C:\Windows\SYSTEM32\USERENV.dll
0x00007ff9e7650000 - 0x00007ff9e765b000 	C:\Windows\SYSTEM32\CRYPTBASE.dll
0x00007ff9de440000 - 0x00007ff9de456000 	C:\Windows\SYSTEM32\dhcpcsvc6.DLL
0x00007ff9de4f0000 - 0x00007ff9de50a000 	C:\Windows\SYSTEM32\dhcpcsvc.DLL
0x00007ff9e4890000 - 0x00007ff9e48a0000 	E:\Spring\sts-4.15.1.RELEASE\plugins\org.eclipse.justj.openjdk.hotspot.jre.full.win32.x86_64_17.0.3.v20220515-1416\jre\bin\verify.dll
0x00007ff9e49c0000 - 0x00007ff9e49ce000 	E:\Spring\sts-4.15.1.RELEASE\plugins\org.eclipse.justj.openjdk.hotspot.jre.full.win32.x86_64_17.0.3.v20220515-1416\jre\bin\sunmscapi.dll
0x00007ff9e8270000 - 0x00007ff9e8439000 	C:\Windows\System32\CRYPT32.dll
0x00007ff9e7ed0000 - 0x00007ff9e7ee1000 	C:\Windows\System32\MSASN1.dll
0x00007ff9e7730000 - 0x00007ff9e7755000 	C:\Windows\SYSTEM32\ncrypt.dll
0x00007ff9e76f0000 - 0x00007ff9e7726000 	C:\Windows\SYSTEM32\NTASN1.dll

dbghelp: loaded successfully - version: 4.0.5 - missing functions: none
symbol engine: initialized successfully - sym options: 0x614 - pdb path: .;E:\Spring\sts-4.15.1.RELEASE\plugins\org.eclipse.justj.openjdk.hotspot.jre.full.win32.x86_64_17.0.3.v20220515-1416\jre\bin;C:\Windows\SYSTEM32;C:\Windows\WinSxS\amd64_microsoft.windows.common-controls_6595b64144ccf1df_6.0.15063.0_none_108e4f62dfe5d999;E:\Spring\sts-4.15.1.RELEASE\plugins\org.eclipse.justj.openjdk.hotspot.jre.full.win32.x86_64_17.0.3.v20220515-1416\jre\bin\server;C:\Program Files\Bonjour

VM Arguments:
jvm_args: -Dcom.sun.management.jmxremote -Dcom.sun.management.jmxremote.port=51088 -Dcom.sun.management.jmxremote.authenticate=false -Dcom.sun.management.jmxremote.ssl=false -Djava.rmi.server.hostname=localhost -Dspring.jmx.enabled=true -Dspring.application.admin.enabled=true -XX:TieredStopAtLevel=1 -Dspring.boot.project.name=tasKAppDB -Dfile.encoding=UTF-8 -XX:+ShowCodeDetailsInExceptionMessages 
java_command: com.example.tasKAppDB.TasKAppDbApplication --spring.output.ansi.enabled=always
java_class_path (initial): E:\android studio\Task\tasKAppDB\bin\main;C:\Users\Vivek\.gradle\caches\modules-2\files-2.1\org.projectlombok\lombok\1.18.24\13a394eed5c4f9efb2a6d956e2086f1d81e857d9\lombok-1.18.24.jar;C:\Users\Vivek\.gradle\caches\modules-2\files-2.1\org.springframework.boot\spring-boot-starter-data-jpa\2.6.9\c9e0dc1712fdd1e8fab357e0446e36b2ea334932\spring-boot-starter-data-jpa-2.6.9.jar;C:\Users\Vivek\.gradle\caches\modules-2\files-2.1\org.springframework.boot\spring-boot-starter-web\2.6.9\5e7b4f48950c28be544641924a32f682edc9ab2e\spring-boot-starter-web-2.6.9.jar;C:\Users\Vivek\.gradle\caches\modules-2\files-2.1\mysql\mysql-connector-java\8.0.29\16bfffda393ac4fe56f0985f1f035b37d3fc48f\mysql-connector-java-8.0.29.jar;C:\Users\Vivek\.gradle\caches\modules-2\files-2.1\org.springframework.boot\spring-boot-starter-aop\2.6.9\774b3b248676210caaf87ec77e9a494d8545b7ae\spring-boot-starter-aop-2.6.9.jar;C:\Users\Vivek\.gradle\caches\modules-2\files-2.1\org.springframework.boot\spring-boot-starter-jdbc\2.6.9\22253341a9af587b86528384a0ed63554135647e\spring-boot-starter-jdbc-2.6.9.jar;C:\Users\Vivek\.gradle\caches\modules-2\files-2.1\jakarta.transaction\jakarta.transaction-api\1.3.3\c4179d48720a1e87202115fbed6089bdc4195405\jakarta.transaction-api-1.3.3.jar;C:\Users\Vivek\.gradle\caches\modules-2\files-2.1\jakarta.persistence\jakarta.persistence-api\2.2.3\8f6ea5daedc614f07a3654a455660145286f024e\jakarta.persistence-api-2.2.3.jar;C:\Users\Vivek\.gradle\caches\modules-2\files-2.1\org.hibernate\hibernate-core\5.6.9.Final\8ec2c7b13de2fbcb19feddfb3a30932bb6a8228a\hibernate-core-5.6.9.Final.jar;C:\Users\Vivek\.gradle\caches\modules-2\files-2.1\org.springframework.data\spring-data-jpa\2.6.5\f6a1c9baea0871f9cbae51b767f5c0405f1ba2ec\spring-data-jpa-2.6.5.jar;C:\Users\Vivek\.gradle\caches\modules-2\files-2.1\org.springframework\spring-aspects\5.3.21\9e8271b86c5be0388c2c34f2c5c3d070af06cd2\spring-aspects-5.3.21.jar;C:\Users\Vivek\.gradle\caches\modules-2\files-2.1\org.springfra
Launcher Type: SUN_STANDARD

[Global flags]
     intx CICompilerCount                          = 3                                         {product} {ergonomic}
     uint ConcGCThreads                            = 1                                         {product} {ergonomic}
     uint G1ConcRefinementThreads                  = 4                                         {product} {ergonomic}
   size_t G1HeapRegionSize                         = 1048576                                   {product} {ergonomic}
    uintx GCDrainStackTargetSize                   = 64                                        {product} {ergonomic}
   size_t InitialHeapSize                          = 134217728                                 {product} {ergonomic}
     bool ManagementServer                         = true                                      {product} {command line}
   size_t MarkStackSize                            = 4194304                                   {product} {ergonomic}
   size_t MaxHeapSize                              = 2118123520                                {product} {ergonomic}
   size_t MaxNewSize                               = 1270874112                                {product} {ergonomic}
   size_t MinHeapDeltaBytes                        = 1048576                                   {product} {ergonomic}
   size_t MinHeapSize                              = 8388608                                   {product} {ergonomic}
    uintx NonProfiledCodeHeapSize                  = 0                                      {pd product} {ergonomic}
     bool ProfileInterpreter                       = false                                  {pd product} {command line}
    uintx ProfiledCodeHeapSize                     = 0                                      {pd product} {ergonomic}
     bool ShowCodeDetailsInExceptionMessages       = true                                   {manageable} {command line}
   size_t SoftMaxHeapSize                          = 2118123520                             {manageable} {ergonomic}
     intx TieredStopAtLevel                        = 1                                         {product} {command line}
     bool UseCompressedClassPointers               = true                           {product lp64_product} {ergonomic}
     bool UseCompressedOops                        = true                           {product lp64_product} {ergonomic}
     bool UseG1GC                                  = true                                      {product} {ergonomic}
     bool UseLargePagesIndividualAllocation        = false                                  {pd product} {ergonomic}

Logging:
Log output configuration:
 #0: stdout all=warning uptime,level,tags
 #1: stderr all=off uptime,level,tags

Environment Variables:
JAVA_HOME=C:\Program Files\Java\jdk-18.0.1.1
PATH=E:/Spring/sts-4.15.1.RELEASE//plugins/org.eclipse.justj.openjdk.hotspot.jre.full.win32.x86_64_17.0.3.v20220515-1416/jre/bin/server;E:/Spring/sts-4.15.1.RELEASE//plugins/org.eclipse.justj.openjdk.hotspot.jre.full.win32.x86_64_17.0.3.v20220515-1416/jre/bin;C:\Program Files\Common Files\Oracle\Java\javapath;C:\Windows\System32;C:\Program Files (x86)\NVIDIA Corporation\PhysX\Common;C:\Windows\system32;C:\Windows;C:\Windows\System32\Wbem;C:\Windows\System32\WindowsPowerShell\v1.0\;C:\Program Files (x86)\Windows Kits\8.1\Windows Performance Toolkit\;E:\android studio\Git\cmd;C:\Program Files\dotnet\;C:\Program Files\Java\jdk-18.0.1.1\bin;C:\Users\Vivek\AppData\Local\Microsoft\WindowsApps;E:\new c++ folder\Microsoft VS Code\bin;E:\new c++ folder\bin;;C:\Program Files\JetBrains\IntelliJ IDEA Community Edition 2022.1.3\bin;;C:\Users\Vivek\.dotnet\tools;C:\Program Files\heroku\bin;E:\Spring\sts-4.15.1.RELEASE;
USERNAME=Vivek
OS=Windows_NT
PROCESSOR_IDENTIFIER=Intel64 Family 6 Model 69 Stepping 1, GenuineIntel



---------------  S Y S T E M  ---------------

OS:
 Windows 10 , 64 bit Build 15063 (10.0.15063.0)
OS uptime: 0 days 4:44 hours

CPU: total 4 (initial active 4) (2 cores per cpu, 2 threads per core) family 6 model 69 stepping 1 microcode 0x26, cx8, cmov, fxsr, ht, mmx, sse, sse2, sse3, ssse3, sse4.1, sse4.2, popcnt, lzcnt, tsc, tscinvbit, avx, avx2, aes, erms, clmul, bmi1, bmi2, fma, vzeroupper, clflush

Memory: 4k page, system-wide physical 8073M (1035M free)
TotalPageFile size 10889M (AvailPageFile size 1961M)
current process WorkingSet (physical memory assigned to process): 170M, peak: 170M
current process commit charge ("private bytes"): 191M, peak: 222M

vm_info: OpenJDK 64-Bit Server VM (17.0.3+7) for windows-amd64 JRE (17.0.3+7), built on Apr 19 2022 16:55:35 by "" with MS VC++ 16.7 (VS2019)

END.
